[debug] [2024-04-23T06:20:59.955Z] ----------------------------------------------------------------------
[debug] [2024-04-23T06:20:59.958Z] Command:       C:\Program Files\nodejs\node.exe C:\Users\DELL\AppData\Roaming\npm\node_modules\firebase-tools\lib\bin\firebase.js init
[debug] [2024-04-23T06:20:59.958Z] CLI Version:   13.7.3
[debug] [2024-04-23T06:20:59.958Z] Platform:      win32
[debug] [2024-04-23T06:20:59.958Z] Node Version:  v20.11.1
[debug] [2024-04-23T06:20:59.959Z] Time:          Tue Apr 23 2024 11:50:59 GMT+0530 (India Standard Time)
[debug] [2024-04-23T06:20:59.959Z] ----------------------------------------------------------------------
[debug] 
[debug] [2024-04-23T06:21:00.048Z] > command requires scopes: ["email","openid","https://www.googleapis.com/auth/cloudplatformprojects.readonly","https://www.googleapis.com/auth/firebase","https://www.googleapis.com/auth/cloud-platform"]
[debug] [2024-04-23T06:21:00.049Z] > authorizing via signed-in user (prasadsontakke731@gmail.com)
[info] 
     ######## #### ########  ######## ########     ###     ######  ########
     ##        ##  ##     ## ##       ##     ##  ##   ##  ##       ##
     ######    ##  ########  ######   ########  #########  ######  ######
     ##        ##  ##    ##  ##       ##     ## ##     ##       ## ##
     ##       #### ##     ## ######## ########  ##     ##  ######  ########

You're about to initialize a Firebase project in this directory:

  D:\React Projects\food-zila

Before we get started, keep in mind:

  * You are initializing within an existing Firebase project directory

[info] 
=== Project Setup
[info] 
[info] First, let's associate this project directory with a Firebase project.
[info] You can create multiple project aliases by running firebase use --add, 
[info] but for now we'll just set up a default project.
[info] 
[debug] [2024-04-23T06:21:19.118Z] Using project from CLI flag: cartzila-fe54a
[debug] [2024-04-23T06:21:19.119Z] > refreshing access token with scopes: []
[debug] [2024-04-23T06:21:19.120Z] >>> [apiv2][query] POST https://www.googleapis.com/oauth2/v3/token [none]
[debug] [2024-04-23T06:21:19.120Z] >>> [apiv2][body] POST https://www.googleapis.com/oauth2/v3/token [omitted]
[debug] [2024-04-23T06:21:19.599Z] <<< [apiv2][status] POST https://www.googleapis.com/oauth2/v3/token 400
[debug] [2024-04-23T06:21:19.599Z] <<< [apiv2][body] POST https://www.googleapis.com/oauth2/v3/token [omitted]
[debug] [2024-04-23T06:21:19.600Z] >>> [apiv2][query] GET https://firebase.googleapis.com/v1beta1/projects/cartzila-fe54a [none]
[debug] [2024-04-23T06:21:19.972Z] <<< [apiv2][status] GET https://firebase.googleapis.com/v1beta1/projects/cartzila-fe54a 401
[debug] [2024-04-23T06:21:19.973Z] <<< [apiv2][body] GET https://firebase.googleapis.com/v1beta1/projects/cartzila-fe54a {"error":{"code":401,"message":"Request had invalid authentication credentials. Expected OAuth 2 access token, login cookie or other valid authentication credential. See https://developers.google.com/identity/sign-in/web/devconsole-project.","status":"UNAUTHENTICATED"}}
[debug] [2024-04-23T06:21:19.974Z] HTTP Error: 401, Request had invalid authentication credentials. Expected OAuth 2 access token, login cookie or other valid authentication credential. See https://developers.google.com/identity/sign-in/web/devconsole-project.
[debug] [2024-04-23T06:21:19.975Z] FirebaseError: HTTP Error: 401, Request had invalid authentication credentials. Expected OAuth 2 access token, login cookie or other valid authentication credential. See https://developers.google.com/identity/sign-in/web/devconsole-project.
    at responseToError (C:\Users\DELL\AppData\Roaming\npm\node_modules\firebase-tools\lib\responseToError.js:49:12)
    at RetryOperation._fn (C:\Users\DELL\AppData\Roaming\npm\node_modules\firebase-tools\lib\apiv2.js:299:77)
    at process.processTicksAndRejections (node:internal/process/task_queues:95:5)
[error] 
[error] Error: Failed to get Firebase project cartzila-fe54a. Please make sure the project exists and your account has permission to access it.
